<?xml version="1.0" encoding="UTF-8"?>
<!-- Generated by org.testng.reporters.JUnitReportReporter -->
<testsuite skipped="0" hostname="user" name="Jenkin.Demo2" tests="1" failures="0" timestamp="25 Apr 2019 11:40:10 GMT" time="10.381" errors="0">
  <testcase name="t1" time="10.381" classname="Jenkin.Demo2"/>
</testsuite> <!-- Jenkin.Demo2 -->
