<?xml version="1.0" encoding="UTF-8"?>
<!-- Generated by org.testng.reporters.JUnitReportReporter -->
<testsuite skipped="0" hostname="user" name="Jenkin.PieChart" tests="1" failures="0" timestamp="25 Apr 2019 12:11:11 GMT" time="30.978" errors="0">
  <testcase name="t2" time="30.978" classname="Jenkin.PieChart"/>
</testsuite> <!-- Jenkin.PieChart -->
